%% [Thu Dec 13 10:16:25 2007] GET /wiki.cgi?changes=This+is+the+home+page%3F&name= HTTP/1.1
%% 500 /srv/facets/wiki.cgi
%request
Host: facets.psytower.info
User-Agent: Mozilla/5.0 (X11; U; Linux i686; en-US; rv:1.8.1.8) Gecko/20071022 Ubuntu/7.10 (gutsy) Firefox/2.0.0.8
Accept: text/xml,application/xml,application/xhtml+xml,text/html;q=0.9,text/plain;q=0.8,image/png,*/*;q=0.5
Accept-Language: en-us,en;q=0.5
Accept-Encoding: gzip,deflate
Accept-Charset: ISO-8859-1,utf-8;q=0.7,*;q=0.7
Keep-Alive: 300
Connection: keep-alive
Referer: http://facets.psytower.info/wiki.cgi
%response
%% [Thu Dec 13 10:18:10 2007] GET /wiki.cgi?changes=This+is+the+home+page%3F&name= HTTP/1.1
%% 500 /srv/facets/wiki.cgi
%request
Host: facets.psytower.info
User-Agent: Mozilla/5.0 (X11; U; Linux i686; en-US; rv:1.8.1.8) Gecko/20071022 Ubuntu/7.10 (gutsy) Firefox/2.0.0.8
Accept: text/xml,application/xml,application/xhtml+xml,text/html;q=0.9,text/plain;q=0.8,image/png,*/*;q=0.5
Accept-Language: en-us,en;q=0.5
Accept-Encoding: gzip,deflate
Accept-Charset: ISO-8859-1,utf-8;q=0.7,*;q=0.7
Keep-Alive: 300
Connection: keep-alive
Referer: http://facets.psytower.info/wiki.cgi
%response
%% [Thu Dec 13 10:18:16 2007] GET /wiki.cgi?changes=This+is+the+home+page%3F&name= HTTP/1.1
%% 500 /srv/facets/wiki.cgi
%request
Host: facets.psytower.info
User-Agent: Mozilla/5.0 (X11; U; Linux i686; en-US; rv:1.8.1.8) Gecko/20071022 Ubuntu/7.10 (gutsy) Firefox/2.0.0.8
Accept: text/xml,application/xml,application/xhtml+xml,text/html;q=0.9,text/plain;q=0.8,image/png,*/*;q=0.5
Accept-Language: en-us,en;q=0.5
Accept-Encoding: gzip,deflate
Accept-Charset: ISO-8859-1,utf-8;q=0.7,*;q=0.7
Keep-Alive: 300
Connection: keep-alive
Referer: http://facets.psytower.info/wiki.cgi
%response
%% [Thu Dec 13 10:18:55 2007] GET /wiki.cgi HTTP/1.1
%% 500 /srv/facets/wiki.cgi
%request
Host: facets.psytower.info
User-Agent: Mozilla/5.0 (X11; U; Linux i686; en-US; rv:1.8.1.8) Gecko/20071022 Ubuntu/7.10 (gutsy) Firefox/2.0.0.8
Accept: text/xml,application/xml,application/xhtml+xml,text/html;q=0.9,text/plain;q=0.8,image/png,*/*;q=0.5
Accept-Language: en-us,en;q=0.5
Accept-Encoding: gzip,deflate
Accept-Charset: ISO-8859-1,utf-8;q=0.7,*;q=0.7
Keep-Alive: 300
Connection: keep-alive
Cache-Control: max-age=0
%response
""
%stdout
Content-Type: text/html
Content-Length: 273

<H1></H1><A HREF="wiki.cgi?name=HomePage">HomePage</A><PRE></PRE><FORM METHOD="get" ENCTYPE="application/x-www-form-urlencoded" ACTION="/wiki.cgi"><TEXTAREA NAME="changes" ROWS="10" COLS="70"></TEXTAREA><INPUT NAME="name" TYPE="hidden" VALUE=""><INPUT TYPE="submit"></FORM>
%% [Thu Dec 13 10:19:00 2007] GET /wiki.cgi HTTP/1.1
%% 500 /srv/facets/wiki.cgi
%request
Host: facets.psytower.info
User-Agent: Mozilla/5.0 (X11; U; Linux i686; en-US; rv:1.8.1.8) Gecko/20071022 Ubuntu/7.10 (gutsy) Firefox/2.0.0.8
Accept: text/xml,application/xml,application/xhtml+xml,text/html;q=0.9,text/plain;q=0.8,image/png,*/*;q=0.5
Accept-Language: en-us,en;q=0.5
Accept-Encoding: gzip,deflate
Accept-Charset: ISO-8859-1,utf-8;q=0.7,*;q=0.7
Keep-Alive: 300
Connection: keep-alive
%response
""
%stdout
Content-Type: text/html
Content-Length: 273

<H1></H1><A HREF="wiki.cgi?name=HomePage">HomePage</A><PRE></PRE><FORM METHOD="get" ENCTYPE="application/x-www-form-urlencoded" ACTION="/wiki.cgi"><TEXTAREA NAME="changes" ROWS="10" COLS="70"></TEXTAREA><INPUT NAME="name" TYPE="hidden" VALUE=""><INPUT TYPE="submit"></FORM>
%% [Thu Dec 13 10:19:18 2007] GET /wiki.cgi HTTP/1.1
%% 500 /srv/facets/wiki.cgi
%request
Host: facets.psytower.info
User-Agent: Mozilla/5.0 (X11; U; Linux i686; en-US; rv:1.8.1.8) Gecko/20071022 Ubuntu/7.10 (gutsy) Firefox/2.0.0.8
Accept: text/xml,application/xml,application/xhtml+xml,text/html;q=0.9,text/plain;q=0.8,image/png,*/*;q=0.5
Accept-Language: en-us,en;q=0.5
Accept-Encoding: gzip,deflate
Accept-Charset: ISO-8859-1,utf-8;q=0.7,*;q=0.7
Keep-Alive: 300
Connection: keep-alive
Cache-Control: max-age=0
%response
""
%stdout
Content-Type: text/html
Content-Length: 273

<H1></H1><A HREF="wiki.cgi?name=HomePage">HomePage</A><PRE></PRE><FORM METHOD="get" ENCTYPE="application/x-www-form-urlencoded" ACTION="/wiki.cgi"><TEXTAREA NAME="changes" ROWS="10" COLS="70"></TEXTAREA><INPUT NAME="name" TYPE="hidden" VALUE=""><INPUT TYPE="submit"></FORM>
%% [Thu Dec 13 10:19:35 2007] GET /wiki.cgi HTTP/1.1
%% 500 /srv/facets/wiki.cgi
%request
Host: facets.psytower.info
User-Agent: Mozilla/5.0 (X11; U; Linux i686; en-US; rv:1.8.1.8) Gecko/20071022 Ubuntu/7.10 (gutsy) Firefox/2.0.0.8
Accept: text/xml,application/xml,application/xhtml+xml,text/html;q=0.9,text/plain;q=0.8,image/png,*/*;q=0.5
Accept-Language: en-us,en;q=0.5
Accept-Encoding: gzip,deflate
Accept-Charset: ISO-8859-1,utf-8;q=0.7,*;q=0.7
Keep-Alive: 300
Connection: keep-alive
%response
""
%stdout
Content-Type: text/html
Content-Length: 273

<H1></H1><A HREF="wiki.cgi?name=HomePage">HomePage</A><PRE></PRE><FORM METHOD="get" ENCTYPE="application/x-www-form-urlencoded" ACTION="/wiki.cgi"><TEXTAREA NAME="changes" ROWS="10" COLS="70"></TEXTAREA><INPUT NAME="name" TYPE="hidden" VALUE=""><INPUT TYPE="submit"></FORM>
%% [Thu Dec 13 10:19:38 2007] GET /wiki.cgi HTTP/1.1
%% 500 /srv/facets/wiki.cgi
%request
Host: facets.psytower.info
User-Agent: Mozilla/5.0 (X11; U; Linux i686; en-US; rv:1.8.1.8) Gecko/20071022 Ubuntu/7.10 (gutsy) Firefox/2.0.0.8
Accept: text/xml,application/xml,application/xhtml+xml,text/html;q=0.9,text/plain;q=0.8,image/png,*/*;q=0.5
Accept-Language: en-us,en;q=0.5
Accept-Encoding: gzip,deflate
Accept-Charset: ISO-8859-1,utf-8;q=0.7,*;q=0.7
Keep-Alive: 300
Connection: keep-alive
Cache-Control: max-age=0
%response
""
%stdout
Content-Type: text/html
Content-Length: 273

<H1></H1><A HREF="wiki.cgi?name=HomePage">HomePage</A><PRE></PRE><FORM METHOD="get" ENCTYPE="application/x-www-form-urlencoded" ACTION="/wiki.cgi"><TEXTAREA NAME="changes" ROWS="10" COLS="70"></TEXTAREA><INPUT NAME="name" TYPE="hidden" VALUE=""><INPUT TYPE="submit"></FORM>
%% [Thu Dec 13 10:38:01 2007] GET /wiki.cgi HTTP/1.1
%% 500 /srv/facets/wiki.cgi
%request
Host: facets.psytower.info
User-Agent: Mozilla/5.0 (X11; U; Linux i686; en-US; rv:1.8.1.8) Gecko/20071022 Ubuntu/7.10 (gutsy) Firefox/2.0.0.8
Accept: text/xml,application/xml,application/xhtml+xml,text/html;q=0.9,text/plain;q=0.8,image/png,*/*;q=0.5
Accept-Language: en-us,en;q=0.5
Accept-Encoding: gzip,deflate
Accept-Charset: ISO-8859-1,utf-8;q=0.7,*;q=0.7
Keep-Alive: 300
Connection: keep-alive
Cache-Control: max-age=0
%response
%% [Thu Dec 13 10:38:57 2007] GET /wiki.cgi HTTP/1.1
%% 500 /srv/facets/wiki.cgi
%request
Host: facets.psytower.info
User-Agent: Mozilla/5.0 (X11; U; Linux i686; en-US; rv:1.8.1.8) Gecko/20071022 Ubuntu/7.10 (gutsy) Firefox/2.0.0.8
Accept: text/xml,application/xml,application/xhtml+xml,text/html;q=0.9,text/plain;q=0.8,image/png,*/*;q=0.5
Accept-Language: en-us,en;q=0.5
Accept-Encoding: gzip,deflate
Accept-Charset: ISO-8859-1,utf-8;q=0.7,*;q=0.7
Keep-Alive: 300
Connection: keep-alive
Cache-Control: max-age=0
%response
%% [Thu Dec 13 10:39:49 2007] GET /wiki.cgi HTTP/1.1
%% 500 /srv/facets/wiki.cgi
%request
Host: facets.psytower.info
User-Agent: Mozilla/5.0 (X11; U; Linux i686; en-US; rv:1.8.1.8) Gecko/20071022 Ubuntu/7.10 (gutsy) Firefox/2.0.0.8
Accept: text/xml,application/xml,application/xhtml+xml,text/html;q=0.9,text/plain;q=0.8,image/png,*/*;q=0.5
Accept-Language: en-us,en;q=0.5
Accept-Encoding: gzip,deflate
Accept-Charset: ISO-8859-1,utf-8;q=0.7,*;q=0.7
Keep-Alive: 300
Connection: keep-alive
Cache-Control: max-age=0
%response
%% [Thu Dec 13 10:40:19 2007] GET /wiki.cgi HTTP/1.1
%% 500 /srv/facets/wiki.cgi
%request
Host: facets.psytower.info
User-Agent: Mozilla/5.0 (X11; U; Linux i686; en-US; rv:1.8.1.8) Gecko/20071022 Ubuntu/7.10 (gutsy) Firefox/2.0.0.8
Accept: text/xml,application/xml,application/xhtml+xml,text/html;q=0.9,text/plain;q=0.8,image/png,*/*;q=0.5
Accept-Language: en-us,en;q=0.5
Accept-Encoding: gzip,deflate
Accept-Charset: ISO-8859-1,utf-8;q=0.7,*;q=0.7
Keep-Alive: 300
Connection: keep-alive
Cache-Control: max-age=0
%response
%% [Thu Dec 13 10:49:12 2007] GET /wiki.cgi?changes=Is+this+the+home+page%3F HTTP/1.1
%% 500 /srv/facets/wiki.cgi
%request
Host: facets.psytower.info
User-Agent: Mozilla/5.0 (X11; U; Linux i686; en-US; rv:1.8.1.8) Gecko/20071022 Ubuntu/7.10 (gutsy) Firefox/2.0.0.8
Accept: text/xml,application/xml,application/xhtml+xml,text/html;q=0.9,text/plain;q=0.8,image/png,*/*;q=0.5
Accept-Language: en-us,en;q=0.5
Accept-Encoding: gzip,deflate
Accept-Charset: ISO-8859-1,utf-8;q=0.7,*;q=0.7
Keep-Alive: 300
Connection: keep-alive
Referer: http://facets.psytower.info/wiki.cgi
%response
%% [Thu Dec 13 10:50:39 2007] POST /wiki.cgi HTTP/1.1
%% 500 /srv/facets/wiki.cgi
%request
Host: facets.psytower.info
User-Agent: Mozilla/5.0 (X11; U; Linux i686; en-US; rv:1.8.1.8) Gecko/20071022 Ubuntu/7.10 (gutsy) Firefox/2.0.0.8
Accept: text/xml,application/xml,application/xhtml+xml,text/html;q=0.9,text/plain;q=0.8,image/png,*/*;q=0.5
Accept-Language: en-us,en;q=0.5
Accept-Encoding: gzip,deflate
Accept-Charset: ISO-8859-1,utf-8;q=0.7,*;q=0.7
Keep-Alive: 300
Connection: keep-alive
Referer: http://facets.psytower.info/wiki.cgi
Content-Type: application/x-www-form-urlencoded
Content-Length: 32

changes=Is+this+the+home+page%3F
%response
%% [Thu Dec 13 13:40:42 2007] GET /wiki.cgi?name=HomePage HTTP/1.1
%% 500 /srv/facets/wiki.cgi
%request
Host: facets.psytower.info
User-Agent: Mozilla/5.0 (X11; U; Linux i686; en-US; rv:1.8.1.8) Gecko/20071022 Ubuntu/7.10 (gutsy) Firefox/2.0.0.8
Accept: text/xml,application/xml,application/xhtml+xml,text/html;q=0.9,text/plain;q=0.8,image/png,*/*;q=0.5
Accept-Language: en-us,en;q=0.5
Accept-Encoding: gzip,deflate
Accept-Charset: ISO-8859-1,utf-8;q=0.7,*;q=0.7
Keep-Alive: 300
Connection: keep-alive
Cache-Control: max-age=0
%response
%% [Thu Dec 13 13:41:54 2007] GET /wiki.cgi?name=HomePage HTTP/1.1
%% 500 /srv/facets/wiki.cgi
%request
Host: facets.psytower.info
User-Agent: Mozilla/5.0 (X11; U; Linux i686; en-US; rv:1.8.1.8) Gecko/20071022 Ubuntu/7.10 (gutsy) Firefox/2.0.0.8
Accept: text/xml,application/xml,application/xhtml+xml,text/html;q=0.9,text/plain;q=0.8,image/png,*/*;q=0.5
Accept-Language: en-us,en;q=0.5
Accept-Encoding: gzip,deflate
Accept-Charset: ISO-8859-1,utf-8;q=0.7,*;q=0.7
Keep-Alive: 300
Connection: keep-alive
Cache-Control: max-age=0
%response
%% [Thu Dec 13 13:42:00 2007] GET /wiki.cgi?name=HomePage HTTP/1.1
%% 500 /srv/facets/wiki.cgi
%request
Host: facets.psytower.info
User-Agent: Mozilla/5.0 (X11; U; Linux i686; en-US; rv:1.8.1.8) Gecko/20071022 Ubuntu/7.10 (gutsy) Firefox/2.0.0.8
Accept: text/xml,application/xml,application/xhtml+xml,text/html;q=0.9,text/plain;q=0.8,image/png,*/*;q=0.5
Accept-Language: en-us,en;q=0.5
Accept-Encoding: gzip,deflate
Accept-Charset: ISO-8859-1,utf-8;q=0.7,*;q=0.7
Keep-Alive: 300
Connection: keep-alive
Cache-Control: max-age=0
%response
%% [Thu Dec 13 13:42:22 2007] GET /wiki.cgi?name=HomePage HTTP/1.1
%% 500 /srv/facets/wiki.cgi
%request
Host: facets.psytower.info
User-Agent: Mozilla/5.0 (X11; U; Linux i686; en-US; rv:1.8.1.8) Gecko/20071022 Ubuntu/7.10 (gutsy) Firefox/2.0.0.8
Accept: text/xml,application/xml,application/xhtml+xml,text/html;q=0.9,text/plain;q=0.8,image/png,*/*;q=0.5
Accept-Language: en-us,en;q=0.5
Accept-Encoding: gzip,deflate
Accept-Charset: ISO-8859-1,utf-8;q=0.7,*;q=0.7
Keep-Alive: 300
Connection: keep-alive
Cache-Control: max-age=0
%response
%% [Thu Dec 13 13:43:50 2007] GET /wiki.cgi?name=HomePage HTTP/1.1
%% 500 /srv/facets/wiki.cgi
%request
Host: facets.psytower.info
User-Agent: Mozilla/5.0 (X11; U; Linux i686; en-US; rv:1.8.1.8) Gecko/20071022 Ubuntu/7.10 (gutsy) Firefox/2.0.0.8
Accept: text/xml,application/xml,application/xhtml+xml,text/html;q=0.9,text/plain;q=0.8,image/png,*/*;q=0.5
Accept-Language: en-us,en;q=0.5
Accept-Encoding: gzip,deflate
Accept-Charset: ISO-8859-1,utf-8;q=0.7,*;q=0.7
Keep-Alive: 300
Connection: keep-alive
Cache-Control: max-age=0
%response
%% [Thu Dec 13 13:44:02 2007] GET /wiki.cgi?name=HomePage HTTP/1.1
%% 500 /srv/facets/wiki.cgi
%request
Host: facets.psytower.info
User-Agent: Mozilla/5.0 (X11; U; Linux i686; en-US; rv:1.8.1.8) Gecko/20071022 Ubuntu/7.10 (gutsy) Firefox/2.0.0.8
Accept: text/xml,application/xml,application/xhtml+xml,text/html;q=0.9,text/plain;q=0.8,image/png,*/*;q=0.5
Accept-Language: en-us,en;q=0.5
Accept-Encoding: gzip,deflate
Accept-Charset: ISO-8859-1,utf-8;q=0.7,*;q=0.7
Keep-Alive: 300
Connection: keep-alive
Cache-Control: max-age=0
%response
%% [Tue Dec 18 13:59:52 2007] GET /wiki.cgi HTTP/1.1
%% 500 /srv/facets/wiki.cgi
%request
Host: facets.psytower.info
User-Agent: Mozilla/5.0 (X11; U; Linux i686; en-US; rv:1.8.1.8) Gecko/20071022 Ubuntu/7.10 (gutsy) Firefox/2.0.0.8
Accept: text/xml,application/xml,application/xhtml+xml,text/html;q=0.9,text/plain;q=0.8,image/png,*/*;q=0.5
Accept-Language: en-us,en;q=0.5
Accept-Encoding: gzip,deflate
Accept-Charset: ISO-8859-1,utf-8;q=0.7,*;q=0.7
Keep-Alive: 300
Connection: keep-alive
%response
%% [Tue Dec 18 14:01:23 2007] GET /wiki.cgi HTTP/1.1
%% 500 /srv/facets/wiki.cgi
%request
Host: facets.psytower.info
User-Agent: Mozilla/5.0 (X11; U; Linux i686; en-US; rv:1.8.1.8) Gecko/20071022 Ubuntu/7.10 (gutsy) Firefox/2.0.0.8
Accept: text/xml,application/xml,application/xhtml+xml,text/html;q=0.9,text/plain;q=0.8,image/png,*/*;q=0.5
Accept-Language: en-us,en;q=0.5
Accept-Encoding: gzip,deflate
Accept-Charset: ISO-8859-1,utf-8;q=0.7,*;q=0.7
Keep-Alive: 300
Connection: keep-alive
Cache-Control: max-age=0
%response
%% [Tue Dec 18 14:01:45 2007] GET /wiki.cgi HTTP/1.1
%% 500 /srv/facets/wiki.cgi
%request
Host: facets.psytower.info
User-Agent: Mozilla/5.0 (X11; U; Linux i686; en-US; rv:1.8.1.8) Gecko/20071022 Ubuntu/7.10 (gutsy) Firefox/2.0.0.8
Accept: text/xml,application/xml,application/xhtml+xml,text/html;q=0.9,text/plain;q=0.8,image/png,*/*;q=0.5
Accept-Language: en-us,en;q=0.5
Accept-Encoding: gzip,deflate
Accept-Charset: ISO-8859-1,utf-8;q=0.7,*;q=0.7
Keep-Alive: 300
Connection: keep-alive
Cache-Control: max-age=0
%response
%% [Tue Dec 18 14:02:09 2007] GET /wiki.cgi HTTP/1.1
%% 500 /srv/facets/wiki.cgi
%request
Host: facets.psytower.info
User-Agent: Mozilla/5.0 (X11; U; Linux i686; en-US; rv:1.8.1.8) Gecko/20071022 Ubuntu/7.10 (gutsy) Firefox/2.0.0.8
Accept: text/xml,application/xml,application/xhtml+xml,text/html;q=0.9,text/plain;q=0.8,image/png,*/*;q=0.5
Accept-Language: en-us,en;q=0.5
Accept-Encoding: gzip,deflate
Accept-Charset: ISO-8859-1,utf-8;q=0.7,*;q=0.7
Keep-Alive: 300
Connection: keep-alive
Cache-Control: max-age=0
%response
%% [Tue Dec 18 14:02:35 2007] GET /wiki.cgi HTTP/1.1
%% 500 /srv/facets/wiki.cgi
%request
Host: facets.psytower.info
User-Agent: Mozilla/5.0 (X11; U; Linux i686; en-US; rv:1.8.1.8) Gecko/20071022 Ubuntu/7.10 (gutsy) Firefox/2.0.0.8
Accept: text/xml,application/xml,application/xhtml+xml,text/html;q=0.9,text/plain;q=0.8,image/png,*/*;q=0.5
Accept-Language: en-us,en;q=0.5
Accept-Encoding: gzip,deflate
Accept-Charset: ISO-8859-1,utf-8;q=0.7,*;q=0.7
Keep-Alive: 300
Connection: keep-alive
Cache-Control: max-age=0
%response
%% [Tue Dec 18 14:03:11 2007] GET /wiki.cgi HTTP/1.1
%% 500 /srv/facets/wiki.cgi
%request
Host: facets.psytower.info
User-Agent: Mozilla/5.0 (X11; U; Linux i686; en-US; rv:1.8.1.8) Gecko/20071022 Ubuntu/7.10 (gutsy) Firefox/2.0.0.8
Accept: text/xml,application/xml,application/xhtml+xml,text/html;q=0.9,text/plain;q=0.8,image/png,*/*;q=0.5
Accept-Language: en-us,en;q=0.5
Accept-Encoding: gzip,deflate
Accept-Charset: ISO-8859-1,utf-8;q=0.7,*;q=0.7
Keep-Alive: 300
Connection: keep-alive
Cache-Control: max-age=0
%response
%% [Tue Dec 18 14:09:51 2007] GET /wiki.cgi HTTP/1.1
%% 500 /srv/facets/wiki.cgi
%request
Host: facets.psytower.info
User-Agent: Mozilla/5.0 (X11; U; Linux i686; en-US; rv:1.8.1.8) Gecko/20071022 Ubuntu/7.10 (gutsy) Firefox/2.0.0.8
Accept: text/xml,application/xml,application/xhtml+xml,text/html;q=0.9,text/plain;q=0.8,image/png,*/*;q=0.5
Accept-Language: en-us,en;q=0.5
Accept-Encoding: gzip,deflate
Accept-Charset: ISO-8859-1,utf-8;q=0.7,*;q=0.7
Keep-Alive: 300
Connection: keep-alive
Cache-Control: max-age=0
%response
%% [Tue Dec 18 14:14:52 2007] GET /wiki.cgi HTTP/1.1
%% 500 /srv/facets/wiki.cgi
%request
Host: facets.psytower.info
User-Agent: Mozilla/5.0 (X11; U; Linux i686; en-US; rv:1.8.1.8) Gecko/20071022 Ubuntu/7.10 (gutsy) Firefox/2.0.0.8
Accept: text/xml,application/xml,application/xhtml+xml,text/html;q=0.9,text/plain;q=0.8,image/png,*/*;q=0.5
Accept-Language: en-us,en;q=0.5
Accept-Encoding: gzip,deflate
Accept-Charset: ISO-8859-1,utf-8;q=0.7,*;q=0.7
Keep-Alive: 300
Connection: keep-alive
Cache-Control: max-age=0
%response
%% [Tue Dec 18 14:18:11 2007] GET /wiki.cgi HTTP/1.1
%% 500 /srv/facets/wiki.cgi
%request
Host: facets.psytower.info
User-Agent: Mozilla/5.0 (X11; U; Linux i686; en-US; rv:1.8.1.8) Gecko/20071022 Ubuntu/7.10 (gutsy) Firefox/2.0.0.8
Accept: text/xml,application/xml,application/xhtml+xml,text/html;q=0.9,text/plain;q=0.8,image/png,*/*;q=0.5
Accept-Language: en-us,en;q=0.5
Accept-Encoding: gzip,deflate
Accept-Charset: ISO-8859-1,utf-8;q=0.7,*;q=0.7
Keep-Alive: 300
Connection: keep-alive
Cache-Control: max-age=0
%response
%% [Tue Dec 18 14:32:51 2007] GET /wiki.cgi?name=HomePage HTTP/1.1
%% 500 /srv/facets/wiki.cgi
%request
Host: facets.psytower.info
User-Agent: Mozilla/5.0 (X11; U; Linux i686; en-US; rv:1.8.1.8) Gecko/20071022 Ubuntu/7.10 (gutsy) Firefox/2.0.0.8
Accept: text/xml,application/xml,application/xhtml+xml,text/html;q=0.9,text/plain;q=0.8,image/png,*/*;q=0.5
Accept-Language: en-us,en;q=0.5
Accept-Encoding: gzip,deflate
Accept-Charset: ISO-8859-1,utf-8;q=0.7,*;q=0.7
Keep-Alive: 300
Connection: keep-alive
Referer: http://facets.psytower.info/wiki.cgi
Cache-Control: max-age=0
%response
%% [Tue Dec 18 14:33:45 2007] GET /wiki.cgi?name=HomePage HTTP/1.1
%% 500 /srv/facets/wiki.cgi
%request
Host: facets.psytower.info
User-Agent: Mozilla/5.0 (X11; U; Linux i686; en-US; rv:1.8.1.8) Gecko/20071022 Ubuntu/7.10 (gutsy) Firefox/2.0.0.8
Accept: text/xml,application/xml,application/xhtml+xml,text/html;q=0.9,text/plain;q=0.8,image/png,*/*;q=0.5
Accept-Language: en-us,en;q=0.5
Accept-Encoding: gzip,deflate
Accept-Charset: ISO-8859-1,utf-8;q=0.7,*;q=0.7
Keep-Alive: 300
Connection: keep-alive
Referer: http://facets.psytower.info/wiki.cgi
Cache-Control: max-age=0
%response
%% [Tue Dec 18 14:34:37 2007] GET /wiki.cgi?name=HomePage HTTP/1.1
%% 500 /srv/facets/wiki.cgi
%request
Host: facets.psytower.info
User-Agent: Mozilla/5.0 (X11; U; Linux i686; en-US; rv:1.8.1.8) Gecko/20071022 Ubuntu/7.10 (gutsy) Firefox/2.0.0.8
Accept: text/xml,application/xml,application/xhtml+xml,text/html;q=0.9,text/plain;q=0.8,image/png,*/*;q=0.5
Accept-Language: en-us,en;q=0.5
Accept-Encoding: gzip,deflate
Accept-Charset: ISO-8859-1,utf-8;q=0.7,*;q=0.7
Keep-Alive: 300
Connection: keep-alive
Referer: http://facets.psytower.info/wiki.cgi
Cache-Control: max-age=0
%response
%% [Tue Dec 18 14:35:16 2007] GET /wiki.cgi?name=HomePage HTTP/1.1
%% 500 /srv/facets/wiki.cgi
%request
Host: facets.psytower.info
User-Agent: Mozilla/5.0 (X11; U; Linux i686; en-US; rv:1.8.1.8) Gecko/20071022 Ubuntu/7.10 (gutsy) Firefox/2.0.0.8
Accept: text/xml,application/xml,application/xhtml+xml,text/html;q=0.9,text/plain;q=0.8,image/png,*/*;q=0.5
Accept-Language: en-us,en;q=0.5
Accept-Encoding: gzip,deflate
Accept-Charset: ISO-8859-1,utf-8;q=0.7,*;q=0.7
Keep-Alive: 300
Connection: keep-alive
Referer: http://facets.psytower.info/wiki.cgi
Cache-Control: max-age=0
%response
%% [Tue Dec 18 14:42:53 2007] GET /wiki.cgi?name=HomePage HTTP/1.1
%% 500 /srv/facets/wiki.cgi
%request
Host: facets.psytower.info
User-Agent: Mozilla/5.0 (X11; U; Linux i686; en-US; rv:1.8.1.8) Gecko/20071022 Ubuntu/7.10 (gutsy) Firefox/2.0.0.8
Accept: text/xml,application/xml,application/xhtml+xml,text/html;q=0.9,text/plain;q=0.8,image/png,*/*;q=0.5
Accept-Language: en-us,en;q=0.5
Accept-Encoding: gzip,deflate
Accept-Charset: ISO-8859-1,utf-8;q=0.7,*;q=0.7
Keep-Alive: 300
Connection: keep-alive
Referer: http://facets.psytower.info/wiki.cgi
Cache-Control: max-age=0
%response
%% [Tue Dec 18 14:59:22 2007] GET /wiki.cgi?name=kernel/constant.api HTTP/1.1
%% 500 /srv/facets/wiki.cgi
%request
Host: facets.psytower.info
User-Agent: Mozilla/5.0 (X11; U; Linux i686; en-US; rv:1.8.1.8) Gecko/20071022 Ubuntu/7.10 (gutsy) Firefox/2.0.0.8
Accept: text/xml,application/xml,application/xhtml+xml,text/html;q=0.9,text/plain;q=0.8,image/png,*/*;q=0.5
Accept-Language: en-us,en;q=0.5
Accept-Encoding: gzip,deflate
Accept-Charset: ISO-8859-1,utf-8;q=0.7,*;q=0.7
Keep-Alive: 300
Connection: keep-alive
Referer: http://facets.psytower.info/wiki.cgi?name=HomePage
%response
%% [Tue Dec 18 15:41:01 2007] POST /wiki.cgi?name=string.api&edit=true HTTP/1.1
%% 500 /srv/facets/wiki.cgi
%request
Host: facets.psytower.info
User-Agent: Mozilla/5.0 (X11; U; Linux i686; en-US; rv:1.8.1.8) Gecko/20071022 Ubuntu/7.10 (gutsy) Firefox/2.0.0.8
Accept: text/xml,application/xml,application/xhtml+xml,text/html;q=0.9,text/plain;q=0.8,image/png,*/*;q=0.5
Accept-Language: en-us,en;q=0.5
Accept-Encoding: gzip,deflate
Accept-Charset: ISO-8859-1,utf-8;q=0.7,*;q=0.7
Keep-Alive: 300
Connection: keep-alive
Referer: http://facets.psytower.info/wiki.cgi?name=string.api&edit=true
Content-Type: application/x-www-form-urlencoded
Content-Length: 154

changes=%3Ch1%3E+String+Extensions+%3C%2Fh1%3E%0D%0A%0D%0A%0D%0A%3Ch2%3Ecase.rb%3C%2Fh2%3E%0D%0A%0D%0A%3Ch3%3Ecapitalized%3F%3C%2Fh3%3E%0D%0A&passcode=dog
%response
%% [Tue Dec 18 15:43:38 2007] POST /wiki.cgi?name=string.api&edit=true HTTP/1.1
%% 500 /srv/facets/wiki.cgi
%request
Host: facets.psytower.info
User-Agent: Mozilla/5.0 (X11; U; Linux i686; en-US; rv:1.8.1.8) Gecko/20071022 Ubuntu/7.10 (gutsy) Firefox/2.0.0.8
Accept: text/xml,application/xml,application/xhtml+xml,text/html;q=0.9,text/plain;q=0.8,image/png,*/*;q=0.5
Accept-Language: en-us,en;q=0.5
Accept-Encoding: gzip,deflate
Accept-Charset: ISO-8859-1,utf-8;q=0.7,*;q=0.7
Keep-Alive: 300
Connection: keep-alive
Referer: http://facets.psytower.info/wiki.cgi?name=string.api&edit=true
Content-Type: application/x-www-form-urlencoded
Content-Length: 172

changes=%3Ch1%3E+String+Extensions+%3C%2Fh1%3E%0D%0A%0D%0A%0D%0A%3Ch2%3Ecase.rb%3C%2Fh2%3E%0D%0A%0D%0A%3Ch3%3Ecapitalized%3F%3C%2Fh3%3E%0D%0A%0D%0A%0D%0A%0D%0A&passcode=dog
%response
%% [Tue Dec 18 15:52:43 2007] POST /wiki.cgi?name=string.api HTTP/1.1
%% 500 /srv/facets/wiki.cgi
%request
Host: facets.psytower.info
User-Agent: Mozilla/5.0 (X11; U; Linux i686; en-US; rv:1.8.1.8) Gecko/20071022 Ubuntu/7.10 (gutsy) Firefox/2.0.0.8
Accept: text/xml,application/xml,application/xhtml+xml,text/html;q=0.9,text/plain;q=0.8,image/png,*/*;q=0.5
Accept-Language: en-us,en;q=0.5
Accept-Encoding: gzip,deflate
Accept-Charset: ISO-8859-1,utf-8;q=0.7,*;q=0.7
Keep-Alive: 300
Connection: keep-alive
Referer: http://facets.psytower.info/wiki.cgi?name=string.api&edit=true
Content-Type: application/x-www-form-urlencoded
Content-Length: 127

name=string.api&changes=%3Ch1%3E+String+Extensions+%3C%2Fh1%3E%0D%0A%0D%0A%0D%0A%3Ch2%3E+case.rb+%3C%2Fh2%3E%0D%0A&passcode=dog
%response
